<?xml version="1.0" encoding="UTF-8"?>
<!-- Generated by org.testng.reporters.JUnitXMLReporter -->
<testsuite hostname="LAPTOP-8IUM7N1I" name="DataDrivenReport" tests="2" failures="0" timestamp="11 Feb 2021 16:33:11 GMT" time="60.041" errors="0">
  <testcase name="Suppliercreation" time="29.327" classname="com.ERP.DriverFactory.DatadrivenDriverScript"/>
  <testcase name="Customercreation" time="14.476" classname="com.ERP.DriverFactory.DatadrivenDriverScript"/>
</testsuite> <!-- DataDrivenReport -->
