<?xml version="1.0" encoding="UTF-8"?>
<!-- Generated by org.testng.reporters.JUnitXMLReporter -->
<testsuite hostname="LAPTOP-8IUM7N1I" name="Default test" tests="3" failures="0" timestamp="4 Mar 2021 11:53:40 GMT" time="39.605" errors="0">
  <testcase name="addCustomerTest" time="4.056" classname="com.ERP.TestCases.AddCustomerPageTest"/>
  <testcase name="addCustomerTest" time="3.988" classname="com.ERP.TestCases.AddCustomerPageTest"/>
  <testcase name="addCustomerTest" time="4.003" classname="com.ERP.TestCases.AddCustomerPageTest"/>
</testsuite> <!-- Default test -->
