<?xml version="1.0" encoding="UTF-8"?>
<!-- Generated by org.testng.reporters.JUnitXMLReporter -->
<testsuite hostname="LAPTOP-8IUM7N1I" name="DataDrivenReport" tests="2" failures="0" timestamp="13 Feb 2021 20:41:30 GMT" time="63.096" errors="0">
  <testcase name="Suppliercreation" time="29.919" classname="com.ERP.DriverFactory.DatadrivenDriverScript"/>
  <testcase name="Customercreation" time="15.184" classname="com.ERP.DriverFactory.DatadrivenDriverScript"/>
</testsuite> <!-- DataDrivenReport -->
