<?xml version="1.0" encoding="UTF-8"?>
<!-- Generated by org.testng.reporters.JUnitXMLReporter -->
<testsuite hostname="LAPTOP-8IUM7N1I" name="Test" tests="11" failures="0" timestamp="3 Mar 2021 20:11:50 GMT" time="119.1" errors="0">
  <testcase name="loginPageTitleTest" time="0.766" classname="com.ERP.TestCases.LoginPageTest"/>
  <testcase name="logintest" time="2.348" classname="com.ERP.TestCases.LoginPageTest"/>
  <testcase name="DashBoardTitleTest" time="0.007" classname="com.ERP.TestCases.DashBoardTest"/>
  <testcase name="DisplaynameTest" time="0.077" classname="com.ERP.TestCases.DashBoardTest"/>
  <testcase name="supplierpagetest" time="1.21" classname="com.ERP.TestCases.DashBoardTest"/>
  <testcase name="customerspagetest" time="1.05" classname="com.ERP.TestCases.DashBoardTest"/>
  <testcase name="AddsupplierTest" time="4.521" classname="com.ERP.TestCases.AddSupplierPageTest"/>
  <testcase name="AddsupplierTest" time="4.356" classname="com.ERP.TestCases.AddSupplierPageTest"/>
  <testcase name="AddsupplierTest" time="4.237" classname="com.ERP.TestCases.AddSupplierPageTest"/>
  <testcase name="AddsupplierTest" time="4.131" classname="com.ERP.TestCases.AddSupplierPageTest"/>
  <testcase name="AddsupplierTest" time="4.179" classname="com.ERP.TestCases.AddSupplierPageTest"/>
</testsuite> <!-- Test -->
